[Camera.no_navigation_bar]: [true]
[DEVICE_PROVISIONED]: [1]
[af.fast_track_multiplier]: [1]
[audio.deep_buffer.media]: [true]
[audio.offload.min.duration.secs]: [30]
[audio.offload.video]: [true]
[bt.max.hfpclient.connections]: [1]
[camera.disable_zsl_mode]: [1]
[dalvik.vm.appimageformat]: [lz4]
[dalvik.vm.dex2oat-Xms]: [64m]
[dalvik.vm.dex2oat-Xmx]: [512m]
[dalvik.vm.dex2oat-minidebuginfo]: [true]
[dalvik.vm.dexopt.secondary]: [true]
[dalvik.vm.heapgrowthlimit]: [256m]
[dalvik.vm.heapmaxfree]: [8m]
[dalvik.vm.heapminfree]: [512k]
[dalvik.vm.heapsize]: [512m]
[dalvik.vm.heapstartsize]: [8m]
[dalvik.vm.heaptargetutilization]: [0.75]
[dalvik.vm.image-dex2oat-Xms]: [64m]
[dalvik.vm.image-dex2oat-Xmx]: [64m]
[dalvik.vm.isa.arm.features]: [default]
[dalvik.vm.isa.arm.variant]: [cortex-a53]
[dalvik.vm.isa.arm64.features]: [default]
[dalvik.vm.isa.arm64.variant]: [kryo]
[dalvik.vm.lockprof.threshold]: [500]
[dalvik.vm.stack-trace-dir]: [/data/anr]
[dalvik.vm.usejit]: [true]
[dalvik.vm.usejitprofiles]: [true]
[debug.atrace.tags.enableflags]: [0]
[debug.egl.hw]: [1]
[debug.force_rtl]: [0]
[debug.gralloc.enable_fb_ubwc]: [1]
[debug.sf.enable_hwc_vds]: [1]
[debug.sf.hw]: [1]
[debug.sf.latch_unsignaled]: [1]
[debug.sf.recomputecrop]: [0]
[dev.bootcomplete]: [1]
[dev.pm.dyn_samplingrate]: [1]
[gsm.current.phone-type]: [1,1]
[gsm.network.type]: [Unknown,Unknown]
[gsm.operator.iso-country]: [,]
[hwservicemanager.ready]: [true]
[init.svc.adbd]: [running]
[init.svc.adsprpcd]: [running]
[init.svc.alarm-hal-1-0]: [running]
[init.svc.audioserver]: [running]
[init.svc.bootanim]: [stopped]
[init.svc.cameraserver]: [running]
[init.svc.cnss-daemon]: [running]
[init.svc.console]: [running]
[init.svc.cs-early-boot]: [stopped]
[init.svc.cs-post-boot]: [stopped]
[init.svc.display-color-hal-1-0]: [running]
[init.svc.dpmQmiMgr]: [running]
[init.svc.dpmd]: [running]
[init.svc.drm]: [running]
[init.svc.energy-awareness]: [stopped]
[init.svc.gatekeeper-1-0]: [running]
[init.svc.gatekeeperd]: [running]
[init.svc.health-hal-2-0]: [running]
[init.svc.healthd]: [running]
[init.svc.hidl_memory]: [running]
[init.svc.hwservicemanager]: [running]
[init.svc.incidentd]: [running]
[init.svc.installd]: [running]
[init.svc.irsc_util]: [stopped]
[init.svc.keymaster-3-0]: [running]
[init.svc.keystore]: [running]
[init.svc.lmkd]: [running]
[init.svc.loc_launcher]: [running]
[init.svc.logd]: [running]
[init.svc.logd-reinit]: [stopped]
[init.svc.media]: [running]
[init.svc.mediadrm]: [running]
[init.svc.mediaextractor]: [running]
[init.svc.mediametrics]: [running]
[init.svc.mlid]: [running]
[init.svc.netd]: [running]
[init.svc.per_mgr]: [running]
[init.svc.per_proxy]: [running]
[init.svc.perf-hal-1-0]: [running]
[init.svc.perfprofd]: [running]
[init.svc.ppd]: [running]
[init.svc.qcamerasvr]: [running]
[init.svc.qcom-c_core-sh]: [stopped]
[init.svc.qcom-c_main-sh]: [stopped]
[init.svc.qcom-post-boot]: [stopped]
[init.svc.qcom-sh]: [stopped]
[init.svc.qcomsysd]: [running]
[init.svc.qdutils_disp-1-0]: [running]
[init.svc.qfp-daemon]: [running]
[init.svc.qseecomd]: [running]
[init.svc.qteeconnector-hal-1-0]: [running]
[init.svc.qti-testscripts]: [stopped]
[init.svc.qti_esepowermanager_service]: [running]
[init.svc.qti_gnss_service]: [running]
[init.svc.ril-daemon]: [stopped]
[init.svc.servicemanager]: [running]
[init.svc.soter-1-0]: [running]
[init.svc.ssgqmigd]: [running]
[init.svc.ssgtzd]: [running]
[init.svc.statsd]: [running]
[init.svc.storaged]: [running]
[init.svc.surfaceflinger]: [running]
[init.svc.thermal-engine]: [running]
[init.svc.thermalservice]: [running]
[init.svc.time_daemon]: [running]
[init.svc.tombstoned]: [running]
[init.svc.tui_comm-1-0]: [running]
[init.svc.ueventd]: [running]
[init.svc.usbd]: [stopped]
[init.svc.usf-post-boot]: [stopped]
[init.svc.vendor-sensor-sh]: [stopped]
[init.svc.vendor.atfwd]: [stopped]
[init.svc.vendor.audio-hal-2-0]: [running]
[init.svc.vendor.bluetooth-1-0-qti]: [running]
[init.svc.vendor.camera-provider-2-4]: [running]
[init.svc.vendor.cas-hal-1-0]: [running]
[init.svc.vendor.configstore-hal]: [running]
[init.svc.vendor.drm-clearkey-hal-1-1]: [running]
[init.svc.vendor.drm-hal-1-0]: [running]
[init.svc.vendor.gralloc-2-0]: [running]
[init.svc.vendor.hvdcp_opti]: [running]
[init.svc.vendor.hwcomposer-2-1]: [running]
[init.svc.vendor.ipacm]: [running]
[init.svc.vendor.light-hal-2-0]: [running]
[init.svc.vendor.media.omx]: [running]
[init.svc.vendor.memtrack-hal-1-0]: [running]
[init.svc.vendor.power-hal-1-0]: [running]
[init.svc.vendor.qcom-usb-sh]: [stopped]
[init.svc.vendor.qcrild]: [stopped]
[init.svc.vendor.qrtr-ns]: [running]
[init.svc.vendor.rmt_storage]: [running]
[init.svc.vendor.sensors-hal-1-0]: [running]
[init.svc.vendor.sensors.qti]: [running]
[init.svc.vendor.tftp_server]: [running]
[init.svc.vendor.thermal-hal-1-0]: [running]
[init.svc.vendor.vibrator-1-0]: [running]
[init.svc.vendor.wifi_hal_legacy]: [running]
[init.svc.vndservicemanager]: [running]
[init.svc.vold]: [running]
[init.svc.wificond]: [running]
[init.svc.wifidisplayhalservice]: [running]
[init.svc.wpa_supplicant]: [running]
[init.svc.zygote]: [running]
[init.svc.zygote_secondary]: [running]
[keyguard.no_require_sim]: [true]
[log.tag.WifiHAL]: [D]
[log.tag.stats_log]: [I]
[logd.logpersistd.enable]: [true]
[media.aac_51_output_enabled]: [true]
[media.settings.xml]: [/vendor/etc/media_profiles_vendor.xml]
[media.stagefright.enable-aac]: [true]
[media.stagefright.enable-http]: [true]
[media.stagefright.enable-player]: [true]
[media.stagefright.enable-qcp]: [true]
[media.stagefright.enable-scan]: [true]
[mm.enable.smoothstreaming]: [true]
[mmp.enable.3g2]: [true]
[net.bt.name]: [Android]
[net.qtaguid_enabled]: [1]
[net.tcp.2g_init_rwnd]: [10]
[net.tcp.buffersize.default]: [4096,87380,524288,4096,16384,110208]
[net.tcp.buffersize.edge]: [4093,26280,35040,4096,16384,35040]
[net.tcp.buffersize.evdo]: [4094,87380,524288,4096,16384,262144]
[net.tcp.buffersize.gprs]: [4092,8760,11680,4096,8760,11680]
[net.tcp.buffersize.hsdpa]: [4094,87380,1220608,4096,16384,1220608]
[net.tcp.buffersize.hspa]: [4094,87380,1220608,4096,16384,1220608]
[net.tcp.buffersize.hspap]: [4094,87380,1220608,4096,16384,1220608]
[net.tcp.buffersize.hsupa]: [4094,87380,1220608,4096,16384,1220608]
[net.tcp.buffersize.lte]: [2097152,4194304,8388608,262144,524288,1048576]
[net.tcp.buffersize.umts]: [4094,87380,110208,4096,16384,110208]
[net.tcp.buffersize.wifi]: [524288,2097152,4194304,262144,524288,1048576]
[net.tcp.default_init_rwnd]: [60]
[persist.backup.ntpServer]: [0.pool.ntp.org]
[persist.bluetooth.enablenewavrcp]: [false]
[persist.camera.gyro.disable]: [0]
[persist.camera.isp.clock.optmz]: [0]
[persist.data.df.agg.dl_pkt]: [10]
[persist.data.df.agg.dl_size]: [4096]
[persist.data.df.dev_name]: [rmnet_usb0]
[persist.data.df.dl_mode]: [5]
[persist.data.df.iwlan_mux]: [9]
[persist.data.df.mux_count]: [8]
[persist.data.df.ul_mode]: [5]
[persist.data.netmgrd.qos.enable]: [true]
[persist.data.wda.enable]: [true]
[persist.debug.coresight.config]: [stm-events]
[persist.debug.wfd.enable]: [1]
[persist.demo.hdmirotationlock]: [false]
[persist.fuse_sdcard]: [true]
[persist.hwc.enable_vds]: [1]
[persist.mm.enable.prefetch]: [true]
[persist.net.doxlat]: [false]
[persist.qfp]: [false]
[persist.radio.multisim.config]: [dsds]
[persist.rild.nitz_long_ons_0]: []
[persist.rild.nitz_long_ons_1]: []
[persist.rild.nitz_long_ons_2]: []
[persist.rild.nitz_long_ons_3]: []
[persist.rild.nitz_plmn]: []
[persist.rild.nitz_short_ons_0]: []
[persist.rild.nitz_short_ons_1]: []
[persist.rild.nitz_short_ons_2]: []
[persist.rild.nitz_short_ons_3]: []
[persist.rmnet.data.enable]: [true]
[persist.sys.dalvik.vm.lib.2]: [libart.so]
[persist.sys.pd_enable]: [0]
[persist.sys.timezone]: [GMT]
[persist.sys.usb.config]: [diag,adb]
[persist.sys.usb.ffbm-02.func]: [diag,adb]
[persist.sys.webview.vmsize]: [147551200]
[persist.sys.wfd.virtual]: [0]
[persist.timed.enable]: [true]
[persist.ts.postmakeup]: [false]
[persist.ts.rtmakeup]: [false]
[persist.vendor.audio.fluence.speaker]: [true]
[persist.vendor.audio.fluence.voicecall]: [true]
[persist.vendor.audio.fluence.voicerec]: [false]
[persist.vendor.audio.hw.binder.size_kbyte]: [1024]
[persist.vendor.btstack.enable.splita2dp]: [false]
[persist.vendor.camera.display.lmax]: [1280x720]
[persist.vendor.camera.display.umax]: [1920x1080]
[persist.vendor.cne.feature]: [1]
[persist.vendor.data.mode]: [concurrent]
[persist.vendor.dpm.tcm]: [2]
[persist.vendor.mmi.misc_dev_path]: [/dev/block/sda4]
[persist.vendor.qcomsysd.enabled]: [1]
[persist.vendor.radio.apm_sim_not_pwdn]: [1]
[persist.vendor.radio.atfwd.start]: [false]
[persist.vendor.radio.custom_ecc]: [1]
[persist.vendor.radio.rat_on]: [combine]
[persist.vendor.radio.sib16_support]: [1]
[persist.vendor.service.bdroid.bdaddr]: [22:22:53:fc:7f:37]
[persist.vendor.usb.config]: [diag,adb]
[persist.vendor.usb.config.extra]: [none]
[pm.dexopt.ab-ota]: [speed-profile]
[pm.dexopt.bg-dexopt]: [speed-profile]
[pm.dexopt.boot]: [verify]
[pm.dexopt.first-boot]: [quicken]
[pm.dexopt.inactive]: [verify]
[pm.dexopt.install]: [speed-profile]
[pm.dexopt.priv-apps-oob]: [false]
[pm.dexopt.priv-apps-oob-list]: [ALL]
[pm.dexopt.shared]: [speed]
[qemu.hw.mainkeys]: [0]
[ril.subscription.types]: [NV,RUIM]
[rild.libpath]: [/system/vendor/lib64/libril-qc-qmi-1.so]
[ro.actionable_compatible_property.enabled]: [false]
[ro.af.client_heap_size_kbyte]: [7168]
[ro.allow.mock.location]: [0]
[ro.art.hiddenapi.warning]: [1]
[ro.baseband]: [apq]
[ro.bionic.ld.warning]: [1]
[ro.bluetooth.emb_wp_mode]: [true]
[ro.bluetooth.library_name]: [libbluetooth_qti.so]
[ro.bluetooth.wipower]: [true]
[ro.board.platform]: [msm8996]
[ro.boot.baseband]: [apq]
[ro.boot.bootdevice]: [624000.ufshc]
[ro.boot.bootreason]: [reboot]
[ro.boot.console]: [ttyHSL0]
[ro.boot.flash.locked]: [0]
[ro.boot.hardware]: [qcom]
[ro.boot.keymaster]: [1]
[ro.boot.serialno]: [277010101071910397]
[ro.boot.verifiedbootstate]: [orange]
[ro.boot.veritymode]: [enforcing]
[ro.bootimage.build.date]: [Wed Dec 5 02:34:28 PST 2018]
[ro.bootimage.build.date.utc]: [1544006068]
[ro.bootimage.build.fingerprint]: [Android/msm8996/msm8996:9/OpenQ820_P_v5.0-PKQ1.181007.001/11:userdebug/test-keys]
[ro.bootloader]: [unknown]
[ro.bootmode]: [unknown]
[ro.boottime.adbd]: [19192417804]
[ro.boottime.adsprpcd]: [22628798792]
[ro.boottime.alarm-hal-1-0]: [18026058846]
[ro.boottime.audioserver]: [18488183221]
[ro.boottime.bootanim]: [29346500352]
[ro.boottime.cameraserver]: [22689660302]
[ro.boottime.cnss-daemon]: [23397538375]
[ro.boottime.console]: [18959550721]
[ro.boottime.cs-early-boot]: [18486173898]
[ro.boottime.cs-post-boot]: [37845378160]
[ro.boottime.display-color-hal-1-0]: [17965754159]
[ro.boottime.dpmQmiMgr]: [22477008949]
[ro.boottime.dpmd]: [24202088479]
[ro.boottime.drm]: [22775707021]
[ro.boottime.energy-awareness]: [22674269834]
[ro.boottime.gatekeeper-1-0]: [16520232024]
[ro.boottime.gatekeeperd]: [24204875666]
[ro.boottime.health-hal-2-0]: [17914662284]
[ro.boottime.healthd]: [17805329107]
[ro.boottime.hidl_memory]: [17799537023]
[ro.boottime.hwservicemanager]: [16448707232]
[ro.boottime.incidentd]: [22852016969]
[ro.boottime.init]: [11958]
[ro.boottime.init.cold_boot_wait]: [1374]
[ro.boottime.init.mount_all.default]: [479]
[ro.boottime.init.selinux]: [324]
[ro.boottime.installd]: [22927836500]
[ro.boottime.irsc_util]: [18148788013]
[ro.boottime.keymaster-3-0]: [16522267597]
[ro.boottime.keystore]: [22935627802]
[ro.boottime.lmkd]: [18527136659]
[ro.boottime.loc_launcher]: [23551950458]
[ro.boottime.logd]: [16444451711]
[ro.boottime.logd-reinit]: [17245414159]
[ro.boottime.media]: [23085454729]
[ro.boottime.mediadrm]: [22940465823]
[ro.boottime.mediaextractor]: [22945963948]
[ro.boottime.mediametrics]: [22981179886]
[ro.boottime.mlid]: [23476665146]
[ro.boottime.netd]: [23093976292]
[ro.boottime.per_mgr]: [18313413429]
[ro.boottime.per_proxy]: [19205933846]
[ro.boottime.perf-hal-1-0]: [18028143273]
[ro.boottime.perfprofd]: [24207684677]
[ro.boottime.ppd]: [19210545044]
[ro.boottime.qcamerasvr]: [23962275406]
[ro.boottime.qcom-c_core-sh]: [18117373690]
[ro.boottime.qcom-c_main-sh]: [22459596292]
[ro.boottime.qcom-post-boot]: [37840838889]
[ro.boottime.qcom-sh]: [23555094469]
[ro.boottime.qcomsysd]: [22457238532]
[ro.boottime.qdutils_disp-1-0]: [18100206711]
[ro.boottime.qfp-daemon]: [24012505979]
[ro.boottime.qseecomd]: [18369275825]
[ro.boottime.qteeconnector-hal-1-0]: [18111009315]
[ro.boottime.qti-testscripts]: [37843248629]
[ro.boottime.qti_esepowermanager_service]: [18021956659]
[ro.boottime.qti_gnss_service]: [18023967909]
[ro.boottime.servicemanager]: [16446609993]
[ro.boottime.soter-1-0]: [18113149680]
[ro.boottime.ssgqmigd]: [23470810979]
[ro.boottime.ssgtzd]: [23473858583]
[ro.boottime.statsd]: [23162937490]
[ro.boottime.storaged]: [23167339365]
[ro.boottime.surfaceflinger]: [18559121450]
[ro.boottime.thermal-engine]: [22626205823]
[ro.boottime.thermalservice]: [18565571867]
[ro.boottime.time_daemon]: [22500526605]
[ro.boottime.tombstoned]: [24248835770]
[ro.boottime.tui_comm-1-0]: [18115252232]
[ro.boottime.ueventd]: [13966050619]
[ro.boottime.usbd]: [24252118270]
[ro.boottime.usf-post-boot]: [37653663265]
[ro.boottime.vendor-sensor-sh]: [18155496138]
[ro.boottime.vendor.audio-hal-2-0]: [17812705044]
[ro.boottime.vendor.bluetooth-1-0-qti]: [17819976815]
[ro.boottime.vendor.camera-provider-2-4]: [17838654003]
[ro.boottime.vendor.cas-hal-1-0]: [17845408586]
[ro.boottime.vendor.configstore-hal]: [17870439575]
[ro.boottime.vendor.drm-clearkey-hal-1-1]: [17877275669]
[ro.boottime.vendor.drm-hal-1-0]: [17874286450]
[ro.boottime.vendor.gralloc-2-0]: [17879435721]
[ro.boottime.vendor.hvdcp_opti]: [22676959729]
[ro.boottime.vendor.hwcomposer-2-1]: [17908212023]
[ro.boottime.vendor.ipacm]: [24783280249]
[ro.boottime.vendor.light-hal-2-0]: [17916938794]
[ro.boottime.vendor.media.omx]: [23225173479]
[ro.boottime.vendor.memtrack-hal-1-0]: [17919114680]
[ro.boottime.vendor.power-hal-1-0]: [17933417805]
[ro.boottime.vendor.qcom-usb-sh]: [18218845252]
[ro.boottime.vendor.qrtr-ns]: [18119502909]
[ro.boottime.vendor.rmt_storage]: [18151273013]
[ro.boottime.vendor.sensors-hal-1-0]: [17935667128]
[ro.boottime.vendor.sensors.qti]: [18753769158]
[ro.boottime.vendor.tftp_server]: [18153293950]
[ro.boottime.vendor.thermal-hal-1-0]: [17939892180]
[ro.boottime.vendor.vibrator-1-0]: [17950672336]
[ro.boottime.vendor.wifi_hal_legacy]: [17952922492]
[ro.boottime.vndservicemanager]: [16450857441]
[ro.boottime.vold]: [16525275513]
[ro.boottime.wificond]: [23222187021]
[ro.boottime.wifidisplayhalservice]: [23228020354]
[ro.boottime.wpa_supplicant]: [34940835453]
[ro.boottime.zygote]: [22679603271]
[ro.boottime.zygote_secondary]: [22686955042]
[ro.build.characteristics]: [default]
[ro.build.date]: [Wed Dec  5 02:34:28 PST 2018]
[ro.build.date.utc]: [1544006068]
[ro.build.description]: [msm8996-userdebug 9 OpenQ820_P_v5.0-PKQ1.181007.001 11 test-keys]
[ro.build.display.id]: [msm8996-userdebug 9 OpenQ820_P_v5.0-PKQ1.181007.001 11 test-keys]
[ro.build.fingerprint]: [Android/msm8996/msm8996:9/OpenQ820_P_v5.0-PKQ1.181007.001/11:userdebug/test-keys]
[ro.build.flavor]: [msm8996-userdebug]
[ro.build.host]: [jenkins]
[ro.build.id]: [OpenQ820_P_v5.0-PKQ1.181007.001]
[ro.build.product]: [msm8996]
[ro.build.system_root_image]: [true]
[ro.build.tags]: [test-keys]
[ro.build.type]: [userdebug]
[ro.build.user]: [jenkins]
[ro.build.version.all_codenames]: [REL]
[ro.build.version.base_os]: []
[ro.build.version.codename]: [REL]
[ro.build.version.incremental]: [11]
[ro.build.version.min_supported_target_sdk]: [17]
[ro.build.version.preview_sdk]: [0]
[ro.build.version.release]: [9]
[ro.build.version.sdk]: [28]
[ro.build.version.security_patch]: [2018-08-05]
[ro.carrier]: [unknown]
[ro.com.android.dataroaming]: [true]
[ro.config.alarm_alert]: [Alarm_Classic.ogg]
[ro.config.notification_sound]: [pixiedust.ogg]
[ro.config.ringtone]: [Ring_Synth_04.ogg]
[ro.crypto.fs_crypto_blkdev]: [/dev/block/dm-1]
[ro.crypto.state]: [encrypted]
[ro.crypto.type]: [block]
[ro.dalvik.vm.native.bridge]: [0]
[ro.debuggable]: [1]
[ro.device_owner]: [false]
[ro.expect.recovery_id]: [0xb578f95abd280bf306f7a61861c20fb53b3a883a000000000000000000000000]
[ro.frp.pst]: [/dev/block/bootdevice/by-name/frp]
[ro.hardware]: [qcom]
[ro.hardware.nfc_nci]: [nqx.default]
[ro.hwui.drop_shadow_cache_size]: [6]
[ro.hwui.gradient_cache_size]: [1]
[ro.hwui.layer_cache_size]: [48]
[ro.hwui.path_cache_size]: [32]
[ro.hwui.r_buffer_cache_size]: [8]
[ro.hwui.text_large_cache_height]: [1024]
[ro.hwui.text_large_cache_width]: [2048]
[ro.hwui.text_small_cache_height]: [1024]
[ro.hwui.text_small_cache_width]: [1024]
[ro.hwui.texture_cache_flushrate]: [0.4]
[ro.hwui.texture_cache_size]: [72]
[ro.location.osnlp.package]: [com.google.android.gms]
[ro.location.osnlp.region.package]: []
[ro.logd.size.stats]: [64K]
[ro.nfc.port]: [I2C]
[ro.oem_unlock_supported]: [1]
[ro.opengles.version]: [196610]
[ro.persistent_properties.ready]: [true]
[ro.product.board]: [MSM8996_O]
[ro.product.brand]: [Android]
[ro.product.cpu.abi]: [arm64-v8a]
[ro.product.cpu.abilist]: [arm64-v8a,armeabi-v7a,armeabi]
[ro.product.cpu.abilist32]: [armeabi-v7a,armeabi]
[ro.product.cpu.abilist64]: [arm64-v8a]
[ro.product.device]: [msm8996]
[ro.product.locale]: [en-US]
[ro.product.manufacturer]: [QUALCOMM]
[ro.product.model]: [MSM8996 for arm64]
[ro.product.name]: [msm8996]
[ro.product.vendor.brand]: [Android]
[ro.product.vendor.device]: [msm8996]
[ro.product.vendor.manufacturer]: [QUALCOMM]
[ro.product.vendor.model]: [MSM8996 for arm64]
[ro.product.vendor.name]: [msm8996]
[ro.property_service.version]: [2]
[ro.qti.sensors.dev_ori]: [false]
[ro.qti.sensors.mot_detect]: [false]
[ro.qti.sensors.pmd]: [false]
[ro.qti.sensors.sta_detect]: [false]
[ro.qualcomm.cabl]: [2]
[ro.radio.noril]: [yes]
[ro.revision]: [0]
[ro.runtime.firstboot]: [1544009213582]
[ro.secure]: [1]
[ro.serialno]: [277010101071910397]
[ro.sf.lcd_density]: [240]
[ro.telephony.call_ring.multiple]: [false]
[ro.telephony.default_network]: [10]
[ro.treble.enabled]: [true]
[ro.vendor.alarm_boot]: [false]
[ro.vendor.at_library]: [libqti-at.so]
[ro.vendor.audio.sdk.fluencetype]: [none]
[ro.vendor.audio.sdk.ssr]: [false]
[ro.vendor.bluetooth.emb_wp_mode]: [true]
[ro.vendor.bluetooth.wipower]: [true]
[ro.vendor.build.date]: [Wed Dec 5 02:34:28 PST 2018]
[ro.vendor.build.date.utc]: [1544006068]
[ro.vendor.build.fingerprint]: [Android/msm8996/msm8996:9/OpenQ820_P_v5.0-PKQ1.181007.001/11:userdebug/test-keys]
[ro.vendor.build.security_patch]: [2018-06-05]
[ro.vendor.dbg.coresight.cfg_file]: [/vendor/bin/init.qcom.debug.sh]
[ro.vendor.display.cabl]: [2]
[ro.vendor.extension_library]: [libqti-perfd-client.so]
[ro.vendor.gpu.available_frequencies]: [624000000 560000000 510000000 401800000 315000000 214000000 133000000 ]
[ro.vendor.gt_library]: [libqti-gt.so]
[ro.vendor.product.cpu.abilist]: [arm64-v8a,armeabi-v7a,armeabi]
[ro.vendor.product.cpu.abilist32]: [armeabi-v7a,armeabi]
[ro.vendor.product.cpu.abilist64]: [arm64-v8a]
[ro.vendor.qti.sys.fw.bg_apps_limit]: [60]
[ro.vendor.radio.noril]: [yes]
[ro.vendor.ril.mbn_copy_completed]: [1]
[ro.vendor.use_data_netmgrd]: [true]
[ro.vendor.wl_library]: [libqti-wl.so]
[ro.vndk.lite]: [true]
[ro.vndk.version]: [28]
[ro.wifi.channels]: []
[ro.zygote]: [zygote64_32]
[sdm.debug.disable_rotator_split]: [1]
[sdm.debug.disable_skip_validate]: [1]
[sdm.perf_hint_window]: [50]
[security.perf_harden]: [1]
[selinux.restorecon_recursive]: [/data/misc_ce/0]
[service.bootanim.exit]: [1]
[service.sf.present_timestamp]: [1]
[sys.boot.reason]: [reboot]
[sys.boot_completed]: [1]
[sys.games.gt.prof]: [1]
[sys.logbootcomplete]: [1]
[sys.oem_unlock_allowed]: [0]
[sys.rescue_boot_count]: [1]
[sys.retaildemo.enabled]: [0]
[sys.sysctl.extra_free_kbytes]: [4803]
[sys.usb.config]: [diag,adb]
[sys.usb.configfs]: [0]
[sys.usb.controller]: [7600000.dwc3]
[sys.usb.ffs.ready]: [1]
[sys.usb.state]: [diag,adb]
[sys.user.0.ce_available]: [true]
[sys.vendor.shutdown.waittime]: [500]
[sys.wifitracing.started]: [1]
[telephony.lteOnCdmaDevice]: [1]
[tombstoned.max_tombstone_count]: [50]
[vendor.audio.dolby.ds2.enabled]: [false]
[vendor.audio.dolby.ds2.hardbypass]: [false]
[vendor.audio.flac.sw.decoder.24bit]: [true]
[vendor.audio.hw.aac.encoder]: [true]
[vendor.audio.offload.buffer.size.kb]: [64]
[vendor.audio.offload.gapless.enabled]: [true]
[vendor.audio.offload.multiaac.enable]: [true]
[vendor.audio.offload.multiple.enabled]: [false]
[vendor.audio.offload.passthrough]: [false]
[vendor.audio.offload.track.enable]: [true]
[vendor.audio.parser.ip.buffer.size]: [262144]
[vendor.audio.safx.pbe.enabled]: [true]
[vendor.audio.tunnel.encode]: [false]
[vendor.audio.use.sw.alac.decoder]: [true]
[vendor.audio.use.sw.ape.decoder]: [true]
[vendor.audio_hal.period_size]: [192]
[vendor.bluetooth.soc]: [rome]
[vendor.debug.enable.gamed]: [0]
[vendor.display.disable_skip_validate]: [1]
[vendor.display.enable_default_color_mode]: [1]
[vendor.display.lcd_density]: [240]
[vendor.display.perf_hint_window]: [50]
[vendor.gpu.available_frequencies]: [624000000 560000000 510000000 401800000 315000000 214000000 133000000 ]
[vendor.gralloc.disable_ubwc]: [0]
[vendor.gralloc.disable_wb_ubwc]: [1]
[vendor.gralloc.enable_fb_ubwc]: [1]
[vendor.hw.fm.init]: [0]
[vendor.mm.enable.qcom_parser]: [1048575]
[vendor.peripheral.modem.state]: [ONLINE]
[vendor.peripheral.shutdown_critical_list]: [modem ]
[vendor.peripheral.slpi.state]: [OFFLINE]
[vendor.post_boot.parsed]: [1]
[vendor.qcom.bluetooth.soc]: [rome]
[vendor.qti.izat.gtp.wifi.low_power]: [DISABLED]
[vendor.sys.listeners.registered]: [true]
[vendor.usb.controller]: [7600000.dwc3]
[vendor.usb.rps_mask]: [0]
[vendor.vidc.enc.disable.pq]: [true]
[vendor.voice.path.for.pcm.voip]: [true]
[vidc.enc.dcvs.extra-buff-count]: [2]
[vold.decrypt]: [trigger_restart_framework]
[vold.has_adoptable]: [1]
[vold.has_quota]: [1]
[vold.has_reserved]: [0]
[vold.post_fs_data_done]: [1]
[wifi.interface]: [wlan0]
[wlan.driver.status]: [ok]
