rootfs on / type rootfs (rw,seclabel)
/dev/root on / type ext4 (ro,seclabel,relatime)
tmpfs on /dev type tmpfs (rw,seclabel,nosuid,relatime,size=1356248k,nr_inodes=339062,mode=755)
devpts on /dev/pts type devpts (rw,seclabel,relatime,mode=600)
proc on /proc type proc (rw,relatime,gid=3009,hidepid=2)
sysfs on /sys type sysfs (rw,seclabel,relatime)
selinuxfs on /sys/fs/selinux type selinuxfs (rw,relatime)
tmpfs on /mnt type tmpfs (rw,seclabel,nosuid,nodev,noexec,relatime,size=1356248k,nr_inodes=339062,mode=755,gid=1000)
/dev/block/dm-0 on /vendor type ext4 (ro,seclabel,relatime,discard)
none on /acct type cgroup (rw,nosuid,nodev,noexec,relatime,cpuacct)
debugfs on /sys/kernel/debug type debugfs (rw,seclabel,relatime)
none on /config type configfs (rw,nosuid,nodev,noexec,relatime)
none on /dev/cpuctl type cgroup (rw,nosuid,nodev,noexec,relatime,cpu)
tracefs on /sys/kernel/debug/tracing type tracefs (rw,seclabel,relatime)
/dev/block/sda3 on /cache type ext4 (rw,seclabel,nosuid,nodev,noatime,data=ordered)
/dev/block/sde12 on /vendor/dsp type ext4 (ro,seclabel,nosuid,nodev,relatime,data=ordered)
/dev/block/sde11 on /vendor/firmware_mnt type vfat (ro,context=u:object_r:firmware_file:s0,relatime,gid=1000,fmask=0337,dmask=0227,codepage=437,iocharset=iso8859-1,shortname=lower,errors=remount-ro)
/dev/block/sde21 on /vendor/bt_firmware type vfat (ro,context=u:object_r:bt_firmware_file:s0,relatime,uid=1002,gid=3002,fmask=0337,dmask=0227,codepage=437,iocharset=iso8859-1,shortname=lower,errors=remount-ro)
/dev/block/sda2 on /mnt/vendor/persist type ext4 (rw,seclabel,nosuid,nodev,noatime,data=ordered)
tmpfs on /storage type tmpfs (rw,seclabel,nosuid,nodev,noexec,relatime,size=1356248k,nr_inodes=339062,mode=755,gid=1000)
adb on /dev/usb-ffs/adb type functionfs (rw,relatime)
/dev/block/dm-1 on /data type ext4 (rw,seclabel,nosuid,nodev,noatime,discard,noauto_da_alloc,data=ordered)
/data/media on /mnt/runtime/default/emulated type sdcardfs (rw,nosuid,nodev,noexec,noatime,fsuid=1023,fsgid=1023,gid=1015,multiuser,mask=6,derive_gid,default_normal)
/data/media on /storage/emulated type sdcardfs (rw,nosuid,nodev,noexec,noatime,fsuid=1023,fsgid=1023,gid=1015,multiuser,mask=6,derive_gid,default_normal)
/data/media on /mnt/runtime/read/emulated type sdcardfs (rw,nosuid,nodev,noexec,noatime,fsuid=1023,fsgid=1023,gid=9997,multiuser,mask=23,derive_gid,default_normal)
/data/media on /mnt/runtime/write/emulated type sdcardfs (rw,nosuid,nodev,noexec,noatime,fsuid=1023,fsgid=1023,gid=9997,multiuser,mask=7,derive_gid,default_normal)
