cat /proc/partitions

 254        0    1048576 zram0
   8        0   25341952 sda
   8        1          8 sda1
   8        2      32768 sda2
   8        3     262144 sda3
   8        4       1024 sda4
   8        5        512 sda5
   8        6        128 sda6
   8        7        128 sda7
   8        8        512 sda8
   8        9    1048576 sda9
   8       10   23996108 sda10
   8       16       4096 sdb
   8       17       4052 sdb1
   8       32       4096 sdc
   8       33       4052 sdc1
   8       48     131072 sdd
   8       49         28 sdd1
   8       50          4 sdd2
   8       51          4 sdd3
   8       52       1024 sdd4
   8       64    4194304 sde
   8       65        512 sde1
   8       66        512 sde2
   8       67       2048 sde3
   8       68       2048 sde4
   8       69        512 sde5
   8       70        512 sde6
   8       71       2048 sde7
   8       72         16 sde8
   8       73        512 sde9
   8       74        512 sde10
   8       75      97280 sde11
   8       76      16384 sde12
   8       77       1024 sde13
   8       78      32768 sde14
   8       79       1024 sde15
 259        0       1024 sde16
 259        1      65536 sde17
 259        2    3145728 sde18
 259        3      65536 sde19
 259        4          4 sde20
 259        5       1024 sde21
 259        6        512 sde22
 259        7        512 sde23
 259        8        512 sde24
 259        9        512 sde25
 259       10        512 sde26
 259       11        512 sde27
 259       12        256 sde28
 259       13        256 sde29
 259       14          4 sde30
 259       15      33424 sde31
 259       16       2048 sde32
   8       80    1572864 sdf
   8       81       2048 sdf1
   8       82       2048 sdf2
   8       83          4 sdf3
 253        0    1032176 dm-0
 253        1   23996092 dm-1
